<testsuite failures="0" name="src/test/resources/Sample/DemoTest/PositiveTests.feature" skipped="0" tests="1" time="0.885552">
  <testcase classname="src.test.resources.Sample.DemoTest.PositiveTests" name="Demo Test Scenario" time="0.885552">
    <system-out>* url 'https://reqres.in/' ................................................ passed
* path 'api/users' ........................................................ passed
* param page = 2 .......................................................... passed
* method GET .............................................................. passed
* status 200 .............................................................. passed
* match $.page == '#notnull' .............................................. passed</system-out>
  </testcase>
</testsuite>
